SF:lib/engine/m3u8/m3u8_parser.dart
DA:16,1
DA:19,0
DA:20,0
DA:24,1
DA:30,2
DA:32,4
DA:33,6
DA:34,6
DA:35,2
DA:37,6
DA:42,6
DA:44,1
DA:45,2
DA:48,1
DA:49,1
DA:52,2
DA:53,1
DA:54,2
DA:55,1
DA:58,1
DA:59,2
DA:60,1
DA:61,2
DA:63,1
DA:64,1
DA:65,0
DA:71,1
DA:74,5
DA:75,2
DA:78,2
DA:79,2
DA:88,4
DA:89,2
DA:90,2
DA:91,2
DA:92,4
DA:93,2
DA:94,4
DA:95,2
DA:97,2
DA:99,2
DA:100,2
DA:101,2
DA:102,2
DA:103,2
DA:105,2
DA:106,2
DA:107,2
DA:109,4
DA:110,4
DA:111,2
DA:113,3
DA:121,2
DA:126,8
DA:128,4
DA:138,1
DA:139,1
DA:140,2
DA:141,1
DA:145,1
DA:146,1
DA:149,1
DA:151,1
DA:152,2
DA:153,1
DA:156,1
DA:158,1
DA:164,2
DA:165,2
DA:166,10
DA:167,4
DA:174,2
DA:175,2
DA:176,2
DA:177,2
DA:181,2
DA:184,2
DA:185,0
DA:188,2
DA:189,2
DA:193,4
LF:81
LH:77
end_of_record
SF:lib/engine/m3u8/playlist.dart
DA:10,1
DA:11,1
DA:12,1
DA:13,1
DA:14,1
DA:17,1
DA:18,1
DA:19,1
DA:20,1
DA:21,1
DA:26,2
DA:27,2
DA:28,2
DA:29,2
DA:35,2
DA:51,6
DA:53,4
DA:54,4
DA:55,2
DA:56,2
DA:59,4
DA:60,2
DA:61,8
DA:62,1
DA:64,2
DA:65,2
DA:68,2
DA:70,2
DA:71,6
DA:72,6
DA:73,6
DA:75,1
DA:76,4
DA:81,3
DA:104,6
DA:105,3
DA:106,3
DA:107,3
DA:108,5
DA:109,3
DA:112,6
DA:113,3
DA:114,3
DA:115,6
DA:116,3
DA:118,4
DA:119,3
DA:125,3
DA:149,9
DA:151,12
DA:153,10
DA:155,6
DA:156,15
DA:157,3
DA:158,3
DA:159,3
DA:160,3
DA:161,3
DA:164,6
DA:165,3
DA:166,9
DA:167,3
DA:168,6
DA:169,3
DA:170,3
DA:171,5
DA:172,3
DA:178,2
DA:199,1
DA:200,4
DA:201,1
DA:202,3
DA:203,6
DA:204,3
DA:207,2
DA:208,1
DA:209,1
DA:210,1
DA:211,1
DA:212,1
DA:215,2
DA:216,1
DA:217,1
DA:218,1
DA:219,1
DA:220,1
DA:226,2
DA:231,2
DA:232,5
DA:235,1
DA:236,1
DA:237,1
DA:238,3
DA:239,1
DA:245,2
DA:249,1
DA:254,2
LF:97
LH:97
end_of_record
SF:lib/engine/m3u8/attribute_parser.dart
DA:10,1
DA:11,1
DA:13,1
DA:14,1
DA:17,1
DA:18,1
DA:20,5
DA:21,1
DA:23,1
DA:26,1
DA:27,2
DA:28,2
DA:29,1
DA:30,1
DA:32,0
DA:33,0
DA:38,3
DA:40,2
DA:41,2
DA:42,0
DA:45,2
DA:46,1
DA:50,1
DA:51,2
DA:52,2
DA:55,2
DA:56,1
DA:59,1
LF:28
LH:25
end_of_record
SF:lib/engine/merge/ts_merger.dart
DA:15,1
DA:24,2
DA:29,2
DA:30,8
DA:32,4
DA:33,2
DA:34,2
DA:38,4
DA:39,2
DA:43,4
DA:44,2
DA:45,4
DA:46,2
DA:47,4
DA:48,2
DA:51,2
DA:53,2
LF:17
LH:17
end_of_record
SF:lib/engine/task/task_state.dart
DA:38,1
DA:39,1
DA:41,3
DA:72,2
DA:73,4
DA:76,1
DA:77,1
DA:78,2
LF:8
LH:8
end_of_record
SF:lib/engine/crypto/aes_decryptor.dart
DA:15,1
DA:18,0
DA:19,0
DA:23,1
DA:24,1
DA:25,2
DA:26,1
DA:28,3
DA:29,2
DA:31,3
DA:32,3
DA:33,5
DA:35,2
DA:37,1
DA:44,1
DA:45,1
DA:46,2
DA:47,1
DA:57,1
DA:61,6
DA:62,3
DA:64,2
DA:65,3
DA:67,3
DA:68,3
DA:82,1
DA:83,1
DA:86,2
DA:87,2
DA:90,3
DA:92,2
DA:93,2
DA:94,1
DA:95,2
DA:96,1
DA:99,1
DA:100,2
DA:102,2
DA:106,1
DA:107,1
DA:110,1
DA:111,2
DA:112,1
DA:113,0
DA:115,3
DA:116,1
DA:117,2
DA:120,1
DA:121,1
DA:124,1
DA:125,2
DA:126,3
DA:127,2
DA:132,1
DA:133,1
DA:134,3
DA:135,4
DA:136,0
DA:138,5
DA:139,2
DA:140,0
DA:143,3
DA:150,1
DA:155,1
DA:156,2
DA:157,2
DA:158,1
DA:160,1
DA:161,1
LF:69
LH:64
end_of_record
SF:lib/engine/engine_config.dart
DA:6,2
DA:37,2
DA:38,7
DA:39,4
DA:40,6
DA:41,4
DA:43,2
DA:44,4
DA:46,0
DA:52,2
DA:71,1
DA:77,1
DA:78,1
DA:79,1
DA:80,1
DA:81,1
LF:16
LH:15
end_of_record
SF:lib/engine/engine_events.dart
DA:7,2
DA:12,2
DA:23,2
DA:38,1
DA:39,5
DA:43,2
DA:52,1
DA:53,5
DA:57,2
DA:66,1
LF:10
LH:10
end_of_record
SF:lib/engine/task/task_runtime.dart
DA:12,2
DA:37,2
DA:38,2
DA:39,6
DA:40,2
DA:41,3
DA:42,3
DA:43,2
DA:44,1
DA:48,1
DA:49,5
LF:11
LH:11
end_of_record
SF:lib/engine/download_engine.dart
DA:30,0
DA:33,1
DA:40,1
DA:59,3
DA:61,0
DA:64,0
DA:65,0
DA:66,0
DA:69,1
DA:70,4
DA:80,1
DA:84,1
DA:85,2
DA:88,1
DA:90,2
DA:92,1
DA:99,2
DA:110,1
DA:115,2
DA:116,2
DA:118,1
DA:120,1
DA:121,1
DA:123,1
DA:124,1
DA:125,1
DA:126,2
DA:128,1
DA:132,2
DA:134,1
DA:135,3
DA:137,1
DA:138,1
DA:140,1
DA:141,2
DA:143,1
DA:144,1
DA:145,1
DA:146,2
DA:147,2
DA:149,2
DA:150,2
DA:154,1
DA:156,2
DA:158,1
DA:159,1
DA:161,2
DA:162,2
DA:166,1
DA:167,1
DA:169,2
DA:170,1
DA:171,4
DA:173,0
DA:174,0
DA:175,0
DA:176,0
DA:178,2
DA:182,1
DA:188,2
DA:189,0
DA:192,1
DA:193,1
DA:194,1
DA:195,3
DA:196,2
DA:197,3
DA:204,1
DA:206,1
DA:207,1
DA:208,2
DA:209,1
DA:212,3
DA:214,2
DA:215,2
DA:216,2
DA:217,1
DA:218,3
DA:219,2
DA:220,2
DA:221,2
DA:222,3
DA:225,2
DA:227,1
DA:228,4
DA:229,1
DA:231,1
DA:232,2
DA:234,1
DA:236,2
DA:238,2
DA:239,1
DA:240,2
DA:241,2
DA:242,1
DA:243,1
DA:244,3
DA:246,0
DA:250,2
DA:251,1
DA:252,1
DA:253,1
DA:254,2
DA:255,2
DA:256,1
DA:258,1
DA:261,1
DA:264,2
DA:265,0
DA:270,1
DA:272,1
DA:273,1
DA:275,3
DA:280,1
DA:281,5
DA:282,1
DA:283,1
DA:284,0
DA:288,1
DA:291,2
DA:292,2
DA:297,1
DA:298,6
DA:300,1
DA:301,4
DA:303,1
DA:304,3
DA:306,1
DA:308,2
DA:309,2
DA:310,2
DA:311,1
DA:312,2
DA:313,3
DA:319,1
DA:320,2
DA:321,2
DA:322,2
DA:323,1
DA:324,1
DA:325,1
DA:326,1
DA:327,1
DA:328,1
DA:336,0
DA:342,0
DA:343,0
DA:344,0
DA:346,0
DA:347,0
DA:349,0
DA:350,0
DA:352,0
DA:353,0
DA:355,0
DA:357,0
DA:359,0
DA:362,0
DA:368,0
DA:369,0
DA:372,0
DA:377,0
DA:378,0
DA:380,0
DA:382,0
DA:384,0
DA:386,0
DA:388,0
DA:389,0
DA:390,0
DA:393,0
DA:395,0
DA:396,0
DA:398,0
DA:399,0
DA:401,0
DA:408,1
DA:409,1
DA:410,1
DA:411,2
DA:413,1
DA:414,4
DA:415,1
DA:417,5
DA:419,2
DA:422,1
DA:423,2
DA:424,1
DA:432,2
DA:433,0
DA:435,0
DA:441,0
DA:442,0
DA:456,0
DA:457,0
DA:459,0
DA:460,0
DA:462,0
DA:467,0
DA:468,0
DA:469,0
DA:472,0
DA:473,0
DA:474,0
DA:477,0
DA:482,0
DA:483,0
DA:484,0
DA:485,0
DA:487,0
DA:490,0
DA:492,0
DA:493,0
DA:494,0
DA:495,0
DA:498,0
DA:499,0
DA:501,0
DA:502,0
DA:508,0
DA:512,0
DA:513,0
DA:515,0
DA:516,0
DA:520,0
DA:523,0
DA:525,0
DA:526,0
DA:527,0
DA:528,0
DA:529,0
DA:531,0
DA:532,0
DA:533,0
DA:534,0
DA:535,0
DA:539,1
DA:540,2
DA:541,2
DA:542,2
DA:543,0
DA:544,0
DA:546,1
DA:551,1
DA:552,1
DA:555,2
DA:557,2
DA:558,1
DA:559,1
DA:560,2
DA:561,3
DA:563,1
DA:564,2
DA:565,3
DA:566,2
DA:570,1
DA:571,3
DA:572,2
DA:573,2
DA:575,2
DA:581,1
DA:587,1
DA:588,3
DA:589,2
DA:592,0
DA:593,0
DA:594,0
DA:597,1
DA:598,2
DA:599,0
DA:600,0
DA:601,2
DA:602,2
LF:273
LH:174
end_of_record
SF:lib/engine/engine_store.dart
DA:12,1
DA:55,1
LF:2
LH:2
end_of_record
SF:lib/engine/merge/ffmpeg_remuxer.dart
DA:13,2
DA:25,2
DA:40,0
DA:41,0
DA:42,0
DA:43,0
DA:46,0
DA:47,0
DA:49,0
DA:59,0
DA:61,0
DA:62,0
DA:63,0
DA:64,0
DA:65,0
DA:67,0
DA:77,0
DA:81,0
DA:82,0
DA:84,0
DA:85,0
DA:88,0
DA:91,0
DA:98,0
DA:101,0
DA:106,0
DA:108,0
DA:109,0
LF:28
LH:2
end_of_record
SF:lib/engine/net/segment_downloader.dart
DA:13,0
DA:17,2
DA:29,2
DA:45,1
DA:51,3
DA:52,2
DA:54,1
DA:56,2
DA:58,1
DA:67,1
DA:69,1
DA:71,3
DA:72,1
DA:73,2
DA:75,1
DA:77,1
DA:81,2
DA:82,1
DA:83,0
DA:84,0
DA:85,0
DA:86,0
DA:88,0
DA:89,0
DA:90,0
DA:91,0
DA:93,0
DA:95,0
DA:99,0
DA:100,0
DA:106,0
DA:107,0
DA:109,0
DA:110,0
LF:34
LH:17
end_of_record
SF:lib/engine/scheduler/segment_scheduler.dart
DA:14,0
DA:18,1
DA:33,1
DA:48,3
DA:50,2
DA:53,1
DA:54,6
DA:55,2
DA:56,1
DA:61,0
DA:62,0
DA:63,0
DA:64,0
DA:68,0
DA:69,0
DA:70,0
DA:71,0
DA:75,1
DA:76,1
DA:77,1
DA:78,2
DA:79,1
DA:80,1
DA:83,1
DA:84,3
DA:85,2
DA:86,1
DA:87,0
DA:94,1
DA:95,2
DA:96,5
DA:97,2
DA:98,2
DA:99,2
DA:101,1
DA:104,1
DA:105,1
DA:106,3
DA:109,2
DA:111,0
DA:114,3
DA:115,2
DA:118,1
DA:120,1
DA:121,0
DA:126,0
DA:127,0
DA:130,3
DA:131,1
DA:134,1
DA:135,6
DA:136,2
LF:52
LH:38
end_of_record
